[debug] [2026-04-22T06:27:25.025Z] [Firebase Plugin] Activating Firebase extension.
[debug] [2026-04-22T06:27:25.463Z] [Firebase Plugin] requireAuthWrapper
[debug] [2026-04-22T06:27:25.464Z] > command requires scopes: ["email","openid","https://www.googleapis.com/auth/cloudplatformprojects.readonly","https://www.googleapis.com/auth/firebase","https://www.googleapis.com/auth/cloud-platform"]
[debug] [2026-04-22T06:27:25.464Z] > authorizing via signed-in user (ridham.gupta.programming@gmail.com)
[debug] [2026-04-22T06:27:25.465Z] Checked if tokens are valid: true, expires at: 1776842754941
[debug] [2026-04-22T06:27:25.465Z] Checked if tokens are valid: true, expires at: 1776842754941
[debug] [2026-04-22T06:27:25.465Z] [Firebase Plugin] User found:  ridham.gupta.programming@gmail.com
[info] [Firebase Plugin] (Core:Project) New user detected, fetching projects
[debug] [2026-04-22T06:27:25.466Z] Checked if tokens are valid: true, expires at: 1776842754941
[debug] [2026-04-22T06:27:25.466Z] >>> [apiv2][query] GET https://firebase.googleapis.com/v1beta1/projects pageSize=1000
[debug] [2026-04-22T06:27:25.470Z] [Firebase Plugin] VSCode notification server listening on port 40001
[info] [Firebase Plugin] Starting SQL Connect toolkit (version 3.4.5) on port 50001
[debug] [2026-04-22T06:27:25.616Z] I0422 11:57:25.611416    7674 control.go:100] [projects/emulator/locations/emulator/services/eventify cfba] UpdateResources(): done
Main schema: sources: schema/schema.gql [1992B] 
Connector "example": sources: example/mutations.gql [1243B] example/queries.gql [1801B] 
 {"metadata":{"emulator":{"name":"dataconnect"},"message":"I0422 11:57:25.611416    7674 control.go:100] [projects/emulator/locations/emulator/services/eventify cfba] UpdateResources(): done\nMain schema: sources: schema/schema.gql [1992B] \nConnector \"example\": sources: example/mutations.gql [1243B] example/queries.gql [1801B] \n"}}
[debug] [2026-04-22T06:27:25.616Z] Ignoring unsupported arg: auto_download {"metadata":{"emulator":{"name":"dataconnect"},"message":"Ignoring unsupported arg: auto_download"}}
[debug] [2026-04-22T06:27:25.616Z] Ignoring unsupported arg: port {"metadata":{"emulator":{"name":"dataconnect"},"message":"Ignoring unsupported arg: port"}}
[debug] [2026-04-22T06:27:25.616Z] Starting SQL Connect Emulator with command {"binary":"/Users/ridhamgupta805gmail.com/.cache/firebase/emulators/dataconnect-emulator-3.4.5","args":["--logtostderr","-v=2","dev","--listen=localhost:50001","--config_dir=/Users/ridhamgupta805gmail.com/eventify-main 2/dataconnect","--enable_output_schema_extensions=true","--enable_output_generated_sdk=true"],"optionalArgs":["listen","config_dir","enable_output_schema_extensions","enable_output_generated_sdk"],"joinArgs":true,"shell":false,"port":9399} {"metadata":{"emulator":{"name":"dataconnect"},"message":"Starting SQL Connect Emulator with command {\"binary\":\"/Users/ridhamgupta805gmail.com/.cache/firebase/emulators/dataconnect-emulator-3.4.5\",\"args\":[\"--logtostderr\",\"-v=2\",\"dev\",\"--listen=localhost:50001\",\"--config_dir=/Users/ridhamgupta805gmail.com/eventify-main 2/dataconnect\",\"--enable_output_schema_extensions=true\",\"--enable_output_generated_sdk=true\"],\"optionalArgs\":[\"listen\",\"config_dir\",\"enable_output_schema_extensions\",\"enable_output_generated_sdk\"],\"joinArgs\":true,\"shell\":false,\"port\":9399}"}}
[info] i  dataconnect: SQL Connect Emulator logging to dataconnect-debug.log {"metadata":{"emulator":{"name":"dataconnect"},"message":"SQL Connect Emulator logging to dataconnect-debug.log"}}
[debug] [2026-04-22T06:27:25.654Z] I0422 11:57:25.636455    7675 load.go:31] Reloading schema and connectors...
I0422 11:57:25.646555    7675 control.go:100] [projects/emulator/locations/emulator/services/eventify 3dc7] UpdateResources(): done
Main schema: sources: schema/schema.gql [1992B] 
Connector "example": sources: example/mutations.gql [1243B] example/queries.gql [1801B] 
 {"metadata":{"emulator":{"name":"dataconnect"},"message":"I0422 11:57:25.636455    7675 load.go:31] Reloading schema and connectors...\nI0422 11:57:25.646555    7675 control.go:100] [projects/emulator/locations/emulator/services/eventify 3dc7] UpdateResources(): done\nMain schema: sources: schema/schema.gql [1992B] \nConnector \"example\": sources: example/mutations.gql [1243B] example/queries.gql [1801B] \n"}}
[debug] [2026-04-22T06:27:25.675Z] I0422 11:57:25.661401    7675 codegen.go:101] [connector "example" javascriptSdk] Generating sources into "/Users/ridhamgupta805gmail.com/eventify-main 2/src/dataconnect-generated"
I0422 11:57:25.668554    7675 codegen.go:101] [connector "example" adminSdk] Generating sources into "/Users/ridhamgupta805gmail.com/eventify-main 2/src/dataconnect-admin-generated"
I0422 11:57:25.670141    7675 collector.go:107] schema extensions wrote into "/Users/ridhamgupta805gmail.com/eventify-main 2/dataconnect/.dataconnect/schema"
Generated sources: main/relation.gql [14318B] main/query.gql [5099B] main/mutation.gql [13679B] prelude.gql [82799B] main/implicit.gql [1261B] main/input.gql [28927B] 
I0422 11:57:25.671245    7675 collector.go:107] connector "example" javascriptSdk wrote into "/Users/ridhamgupta805gmail.com/eventify-main 2/src/dataconnect-generated"
Generated sources: package.json [853B] .guides/setup.md [1682B] index.d.ts [8350B] react/esm/package.json [17B] react/README.md [48299B] .guides/usage.md [3489B] .guides/config.json [236B] esm/package.json [17B] index.cjs.js [5633B] README.md [41235B] react/index.d.ts [3961B] react/index.cjs.js [3439B] react/esm/index.esm.js [3269B] esm/index.esm.js [5133B] react/package.json [460B] 
I0422 11:57:25.672715    7675 installsdk.go:55] Package @dataconnect/generated is already installed. Skipping installation
I0422 11:57:25.673177    7675 collector.go:107] connector "example" adminSdk wrote into "/Users/ridhamgupta805gmail.com/eventify-main 2/src/dataconnect-admin-generated"
Generated sources: index.d.ts [7666B] esm/index.esm.js [2978B] esm/package.json [17B] index.cjs.js [3271B] package.json [632B] 
I0422 11:57:25.673698    7675 installsdk.go:55] Package @dataconnect/admin-generated is already installed. Skipping installation
I0422 11:57:25.673751    7675 load.go:109] Finished reloading
I0422 11:57:25.674621    7675 dev.go:104] Listening on address (HTTP + gRPC): 127.0.0.1:50001
 {"metadata":{"emulator":{"name":"dataconnect"},"message":"I0422 11:57:25.661401    7675 codegen.go:101] [connector \"example\" javascriptSdk] Generating sources into \"/Users/ridhamgupta805gmail.com/eventify-main 2/src/dataconnect-generated\"\nI0422 11:57:25.668554    7675 codegen.go:101] [connector \"example\" adminSdk] Generating sources into \"/Users/ridhamgupta805gmail.com/eventify-main 2/src/dataconnect-admin-generated\"\nI0422 11:57:25.670141    7675 collector.go:107] schema extensions wrote into \"/Users/ridhamgupta805gmail.com/eventify-main 2/dataconnect/.dataconnect/schema\"\nGenerated sources: main/relation.gql [14318B] main/query.gql [5099B] main/mutation.gql [13679B] prelude.gql [82799B] main/implicit.gql [1261B] main/input.gql [28927B] \nI0422 11:57:25.671245    7675 collector.go:107] connector \"example\" javascriptSdk wrote into \"/Users/ridhamgupta805gmail.com/eventify-main 2/src/dataconnect-generated\"\nGenerated sources: package.json [853B] .guides/setup.md [1682B] index.d.ts [8350B] react/esm/package.json [17B] react/README.md [48299B] .guides/usage.md [3489B] .guides/config.json [236B] esm/package.json [17B] index.cjs.js [5633B] README.md [41235B] react/index.d.ts [3961B] react/index.cjs.js [3439B] react/esm/index.esm.js [3269B] esm/index.esm.js [5133B] react/package.json [460B] \nI0422 11:57:25.672715    7675 installsdk.go:55] Package @dataconnect/generated is already installed. Skipping installation\nI0422 11:57:25.673177    7675 collector.go:107] connector \"example\" adminSdk wrote into \"/Users/ridhamgupta805gmail.com/eventify-main 2/src/dataconnect-admin-generated\"\nGenerated sources: index.d.ts [7666B] esm/index.esm.js [2978B] esm/package.json [17B] index.cjs.js [3271B] package.json [632B] \nI0422 11:57:25.673698    7675 installsdk.go:55] Package @dataconnect/admin-generated is already installed. Skipping installation\nI0422 11:57:25.673751    7675 load.go:109] Finished reloading\nI0422 11:57:25.674621    7675 dev.go:104] Listening on address (HTTP + gRPC): 127.0.0.1:50001\n"}}
[debug] [2026-04-22T06:27:26.131Z] I0422 11:57:26.131150    7675 engine.go:209] [projects/emulator/locations/emulator/services/eventify 3dc7] ExecuteGraphqlRead query IntrospectionQuery: succeeded. 
 {"metadata":{"emulator":{"name":"dataconnect"},"message":"I0422 11:57:26.131150    7675 engine.go:209] [projects/emulator/locations/emulator/services/eventify 3dc7] ExecuteGraphqlRead query IntrospectionQuery: succeeded. \n"}}
[debug] [2026-04-22T06:27:27.085Z] <<< [apiv2][status] GET https://firebase.googleapis.com/v1beta1/projects 200
[debug] [2026-04-22T06:27:27.086Z] <<< [apiv2][body] GET https://firebase.googleapis.com/v1beta1/projects [omitted]
